<?xml version="1.0" encoding="UTF-8"?>
<!-- Generated by org.testng.reporters.JUnitXMLReporter -->
<testsuite ignored="0" hostname="DELL" failures="1" tests="8" name="Test" time="53.542" errors="0" timestamp="2024-05-07T11:24:14 IST">
  <testcase classname="TS_002_LOGIN_FUNCTIONALITY.TC_LF_001_LOGIN_FUNCTIONALITY" name="logging_valid_credentials_TC_LF_001" time="2.46"/>
  <testcase classname="TS_007_PRODUCT_DISPLAY_PAGE.TC_PDP_001_PRODUCT_DISPLAY_PAGE" name="validate_product_name_price" time="0.002"/>
  <testcase classname="TS_010_SHOPPING_CART_FUNCTIONALITY.TC_SC_001_SHOPPINGCART_FUNCTIONALITY" name="success_message_to_shoppingCart" time="0.005"/>
  <testcase classname="TS_010_SHOPPING_CART_FUNCTIONALITY.TC_SC_010_SHOPPINGCART_FUNCTIONALITY4" name="Validate_continue_shopping_on_shoppingcart_page" time="0.006">
    <failure type="java.lang.AssertionError" message="expected [true] but found [false]">
      <![CDATA[java.lang.AssertionError: expected [true] but found [false]
at TS_010_SHOPPING_CART_FUNCTIONALITY.TC_SC_010_SHOPPINGCART_FUNCTIONALITY4.Validate_continue_shopping_on_shoppingcart_page(TC_SC_010_SHOPPINGCART_FUNCTIONALITY4.java:21)
at java.base/java.util.ArrayList.forEach(ArrayList.java:1596)
... Removed 29 stack frames]]>
    </failure>
  </testcase> <!-- Validate_continue_shopping_on_shoppingcart_page -->
  <testcase classname="TS_002_LOGIN_FUNCTIONALITY.TC_LF_001_LOGIN_FUNCTIONALITY" name="logging_valid_credentials_TC_LF_001" time="3.099"/>
  <testcase classname="TS_007_PRODUCT_DISPLAY_PAGE.TC_PDP_001_PRODUCT_DISPLAY_PAGE" name="validate_product_name_price" time="0.002"/>
  <testcase classname="TS_010_SHOPPING_CART_FUNCTIONALITY.TC_SC_001_SHOPPINGCART_FUNCTIONALITY" name="success_message_to_shoppingCart" time="0.002"/>
  <testcase classname="TS_010_SHOPPING_CART_FUNCTIONALITY.TC_SC_009_SHOPPINGCART_FUNCTIONALITY3" name="Validate_shopping_cart_to_checkout" time="0.003"/>
</testsuite> <!-- Test -->
