<?xml version="1.0" encoding="UTF-8"?>
<testng-results ignored="0" total="3" passed="2" failed="1" skipped="0">
  <reporter-output>
    <line>
      <![CDATA[method namenavigate_to_change_password_page]]>
    </line>
    <line>
      <![CDATA[method status1]]>
    </line>
    <line>
      <![CDATA[method namevalidate_password_field_red_mark]]>
    </line>
    <line>
      <![CDATA[method namelogging_valid_credentials_TC_LF_001]]>
    </line>
    <line>
      <![CDATA[method status1]]>
    </line>
  </reporter-output>
  <suite started-at="2024-05-07T14:45:59 IST" name="Suite" finished-at="2024-05-07T14:46:47 IST" duration-ms="48368">
    <groups>
    </groups>
    <test started-at="2024-05-07T14:45:59 IST" name="Test" finished-at="2024-05-07T14:46:47 IST" duration-ms="48368">
      <class name="TS_012_CHANGE_PASSWORD.TC_005_CHANGE_PASSWORD_FUNCTIONALITY4">
        <test-method is-config="true" signature="setup()[pri:0, instance:TS_012_CHANGE_PASSWORD.TC_005_CHANGE_PASSWORD_FUNCTIONALITY4@74287ea3]" started-at="2024-05-07T14:45:59 IST" name="setup" finished-at="2024-05-07T14:46:07 IST" duration-ms="8243" status="PASS">
          <reporter-output>
          </reporter-output>
        </test-method> <!-- setup -->
        <test-method signature="navigate_to_change_password_page()[pri:0, instance:TS_012_CHANGE_PASSWORD.TC_005_CHANGE_PASSWORD_FUNCTIONALITY4@74287ea3]" started-at="2024-05-07T14:46:07 IST" name="navigate_to_change_password_page" finished-at="2024-05-07T14:46:19 IST" duration-ms="11318" status="PASS">
          <reporter-output>
            <line>
              <![CDATA[method namenavigate_to_change_password_page]]>
            </line>
            <line>
              <![CDATA[method status1]]>
            </line>
          </reporter-output>
        </test-method> <!-- navigate_to_change_password_page -->
        <test-method is-config="true" signature="teardown()[pri:0, instance:TS_012_CHANGE_PASSWORD.TC_005_CHANGE_PASSWORD_FUNCTIONALITY4@74287ea3]" started-at="2024-05-07T14:46:19 IST" name="teardown" finished-at="2024-05-07T14:46:19 IST" duration-ms="0" status="PASS">
          <reporter-output>
          </reporter-output>
        </test-method> <!-- teardown -->
        <test-method is-config="true" signature="setup()[pri:0, instance:TS_012_CHANGE_PASSWORD.TC_005_CHANGE_PASSWORD_FUNCTIONALITY4@74287ea3]" started-at="2024-05-07T14:46:19 IST" name="setup" finished-at="2024-05-07T14:46:27 IST" duration-ms="7961" status="PASS">
          <reporter-output>
          </reporter-output>
        </test-method> <!-- setup -->
        <test-method signature="validate_password_field_red_mark()[pri:0, instance:TS_012_CHANGE_PASSWORD.TC_005_CHANGE_PASSWORD_FUNCTIONALITY4@74287ea3]" started-at="2024-05-07T14:46:27 IST" name="validate_password_field_red_mark" finished-at="2024-05-07T14:46:37 IST" duration-ms="10080" status="FAIL">
          <exception class="java.lang.AssertionError">
            <message>
              <![CDATA[expected [true] but found [false]]]>
            </message>
            <full-stacktrace>
              <![CDATA[java.lang.AssertionError: expected [true] but found [false]
at org.testng.Assert.fail(Assert.java:99)
at org.testng.Assert.failNotEquals(Assert.java:1037)
at org.testng.Assert.assertTrue(Assert.java:45)
at org.testng.Assert.assertTrue(Assert.java:55)
at TS_012_CHANGE_PASSWORD.TC_005_CHANGE_PASSWORD_FUNCTIONALITY4.validate_password_field_red_mark(TC_005_CHANGE_PASSWORD_FUNCTIONALITY4.java:18)
at java.base/jdk.internal.reflect.DirectMethodHandleAccessor.invoke(DirectMethodHandleAccessor.java:103)
at java.base/java.lang.reflect.Method.invoke(Method.java:580)
at org.testng.internal.MethodInvocationHelper.invokeMethod(MethodInvocationHelper.java:133)
at org.testng.internal.TestInvoker.invokeMethod(TestInvoker.java:598)
at org.testng.internal.TestInvoker.invokeTestMethod(TestInvoker.java:173)
at org.testng.internal.MethodRunner.runInSequence(MethodRunner.java:46)
at org.testng.internal.TestInvoker$MethodInvocationAgent.invoke(TestInvoker.java:824)
at org.testng.internal.TestInvoker.invokeTestMethods(TestInvoker.java:146)
at org.testng.internal.TestMethodWorker.invokeTestMethods(TestMethodWorker.java:146)
at org.testng.internal.TestMethodWorker.run(TestMethodWorker.java:128)
at java.base/java.util.ArrayList.forEach(ArrayList.java:1596)
at org.testng.TestRunner.privateRun(TestRunner.java:794)
at org.testng.TestRunner.run(TestRunner.java:596)
at org.testng.SuiteRunner.runTest(SuiteRunner.java:377)
at org.testng.SuiteRunner.runSequentially(SuiteRunner.java:371)
at org.testng.SuiteRunner.privateRun(SuiteRunner.java:332)
at org.testng.SuiteRunner.run(SuiteRunner.java:276)
at org.testng.SuiteRunnerWorker.runSuite(SuiteRunnerWorker.java:53)
at org.testng.SuiteRunnerWorker.run(SuiteRunnerWorker.java:96)
at org.testng.TestNG.runSuitesSequentially(TestNG.java:1212)
at org.testng.TestNG.runSuitesLocally(TestNG.java:1134)
at org.testng.TestNG.runSuites(TestNG.java:1063)
at org.testng.TestNG.run(TestNG.java:1031)
at org.testng.remote.AbstractRemoteTestNG.run(AbstractRemoteTestNG.java:115)
at org.testng.remote.RemoteTestNG.initAndRun(RemoteTestNG.java:251)
at org.testng.remote.RemoteTestNG.main(RemoteTestNG.java:77)
]]>
            </full-stacktrace>
          </exception> <!-- java.lang.AssertionError -->
          <reporter-output>
            <line>
              <![CDATA[method namevalidate_password_field_red_mark]]>
            </line>
          </reporter-output>
        </test-method> <!-- validate_password_field_red_mark -->
        <test-method is-config="true" signature="teardown()[pri:0, instance:TS_012_CHANGE_PASSWORD.TC_005_CHANGE_PASSWORD_FUNCTIONALITY4@74287ea3]" started-at="2024-05-07T14:46:37 IST" name="teardown" finished-at="2024-05-07T14:46:37 IST" duration-ms="0" status="PASS">
          <reporter-output>
          </reporter-output>
        </test-method> <!-- teardown -->
        <test-method is-config="true" signature="setup()[pri:0, instance:TS_012_CHANGE_PASSWORD.TC_005_CHANGE_PASSWORD_FUNCTIONALITY4@74287ea3]" started-at="2024-05-07T14:46:37 IST" name="setup" finished-at="2024-05-07T14:46:44 IST" duration-ms="6954" status="PASS">
          <reporter-output>
          </reporter-output>
        </test-method> <!-- setup -->
        <test-method signature="logging_valid_credentials_TC_LF_001()[pri:0, instance:TS_012_CHANGE_PASSWORD.TC_005_CHANGE_PASSWORD_FUNCTIONALITY4@74287ea3]" started-at="2024-05-07T14:46:44 IST" name="logging_valid_credentials_TC_LF_001" finished-at="2024-05-07T14:46:47 IST" duration-ms="3582" status="PASS">
          <reporter-output>
            <line>
              <![CDATA[method namelogging_valid_credentials_TC_LF_001]]>
            </line>
            <line>
              <![CDATA[method status1]]>
            </line>
          </reporter-output>
        </test-method> <!-- logging_valid_credentials_TC_LF_001 -->
        <test-method is-config="true" signature="teardown()[pri:0, instance:TS_012_CHANGE_PASSWORD.TC_005_CHANGE_PASSWORD_FUNCTIONALITY4@74287ea3]" started-at="2024-05-07T14:46:47 IST" name="teardown" finished-at="2024-05-07T14:46:47 IST" duration-ms="1" status="PASS">
          <reporter-output>
          </reporter-output>
        </test-method> <!-- teardown -->
      </class> <!-- TS_012_CHANGE_PASSWORD.TC_005_CHANGE_PASSWORD_FUNCTIONALITY4 -->
    </test> <!-- Test -->
  </suite> <!-- Suite -->
</testng-results>
