<?xml version="1.0" encoding="UTF-8"?>
<!-- Generated by org.testng.reporters.JUnitXMLReporter -->
<testsuite ignored="0" hostname="DELL" failures="1" tests="3" name="Test" time="48.368" errors="0" timestamp="2024-05-07T14:46:47 IST">
  <testcase classname="TS_012_CHANGE_PASSWORD.TC_001_CHANGE_PASSWORD_FUNCTIONALITY" name="navigate_to_change_password_page" time="11.318"/>
  <testcase classname="TS_012_CHANGE_PASSWORD.TC_005_CHANGE_PASSWORD_FUNCTIONALITY4" name="validate_password_field_red_mark" time="10.08">
    <failure type="java.lang.AssertionError" message="expected [true] but found [false]">
      <![CDATA[java.lang.AssertionError: expected [true] but found [false]
at TS_012_CHANGE_PASSWORD.TC_005_CHANGE_PASSWORD_FUNCTIONALITY4.validate_password_field_red_mark(TC_005_CHANGE_PASSWORD_FUNCTIONALITY4.java:18)
at java.base/java.util.ArrayList.forEach(ArrayList.java:1596)
... Removed 29 stack frames]]>
    </failure>
  </testcase> <!-- validate_password_field_red_mark -->
  <testcase classname="TS_002_LOGIN_FUNCTIONALITY.TC_LF_001_LOGIN_FUNCTIONALITY" name="logging_valid_credentials_TC_LF_001" time="3.582"/>
</testsuite> <!-- Test -->
