<?xml version="1.0" encoding="UTF-8"?>
<testng-results ignored="0" total="8" passed="7" failed="1" skipped="0">
  <reporter-output>
    <line>
      <![CDATA[method namelogging_valid_credentials_TC_LF_001]]>
    </line>
    <line>
      <![CDATA[method status1]]>
    </line>
    <line>
      <![CDATA[method namevalidate_product_name_price]]>
    </line>
    <line>
      <![CDATA[method status1]]>
    </line>
    <line>
      <![CDATA[method namesuccess_message_to_shoppingCart]]>
    </line>
    <line>
      <![CDATA[method status1]]>
    </line>
    <line>
      <![CDATA[method nameValidate_continue_shopping_on_shoppingcart_page]]>
    </line>
    <line>
      <![CDATA[method namelogging_valid_credentials_TC_LF_001]]>
    </line>
    <line>
      <![CDATA[method status1]]>
    </line>
    <line>
      <![CDATA[method namevalidate_product_name_price]]>
    </line>
    <line>
      <![CDATA[method status1]]>
    </line>
    <line>
      <![CDATA[method namesuccess_message_to_shoppingCart]]>
    </line>
    <line>
      <![CDATA[method status1]]>
    </line>
    <line>
      <![CDATA[method nameValidate_shopping_cart_to_checkout]]>
    </line>
    <line>
      <![CDATA[method status1]]>
    </line>
  </reporter-output>
  <suite started-at="2024-05-07T11:23:21 IST" name="Suite" finished-at="2024-05-07T11:24:14 IST" duration-ms="53542">
    <groups>
    </groups>
    <test started-at="2024-05-07T11:23:21 IST" name="Test" finished-at="2024-05-07T11:24:14 IST" duration-ms="53542">
      <class name="TS_010_SHOPPING_CART_FUNCTIONALITY.TC_SC_009_SHOPPINGCART_FUNCTIONALITY3">
        <test-method is-config="true" signature="setup()[pri:0, instance:TS_010_SHOPPING_CART_FUNCTIONALITY.TC_SC_009_SHOPPINGCART_FUNCTIONALITY3@6ca18a14]" started-at="2024-05-07T11:23:49 IST" name="setup" finished-at="2024-05-07T11:23:55 IST" duration-ms="5435" status="PASS">
          <reporter-output>
          </reporter-output>
        </test-method> <!-- setup -->
        <test-method signature="logging_valid_credentials_TC_LF_001()[pri:0, instance:TS_010_SHOPPING_CART_FUNCTIONALITY.TC_SC_009_SHOPPINGCART_FUNCTIONALITY3@6ca18a14]" started-at="2024-05-07T11:23:55 IST" name="logging_valid_credentials_TC_LF_001" finished-at="2024-05-07T11:23:58 IST" duration-ms="3099" status="PASS">
          <reporter-output>
            <line>
              <![CDATA[method namelogging_valid_credentials_TC_LF_001]]>
            </line>
            <line>
              <![CDATA[method status1]]>
            </line>
          </reporter-output>
        </test-method> <!-- logging_valid_credentials_TC_LF_001 -->
        <test-method is-config="true" signature="teardown()[pri:0, instance:TS_010_SHOPPING_CART_FUNCTIONALITY.TC_SC_009_SHOPPINGCART_FUNCTIONALITY3@6ca18a14]" started-at="2024-05-07T11:23:58 IST" name="teardown" finished-at="2024-05-07T11:23:58 IST" duration-ms="0" status="PASS">
          <reporter-output>
          </reporter-output>
        </test-method> <!-- teardown -->
        <test-method is-config="true" signature="setup()[pri:0, instance:TS_010_SHOPPING_CART_FUNCTIONALITY.TC_SC_009_SHOPPINGCART_FUNCTIONALITY3@6ca18a14]" started-at="2024-05-07T11:23:58 IST" name="setup" finished-at="2024-05-07T11:24:00 IST" duration-ms="2097" status="PASS">
          <reporter-output>
          </reporter-output>
        </test-method> <!-- setup -->
        <test-method signature="validate_product_name_price()[pri:0, instance:TS_010_SHOPPING_CART_FUNCTIONALITY.TC_SC_009_SHOPPINGCART_FUNCTIONALITY3@6ca18a14]" started-at="2024-05-07T11:24:00 IST" name="validate_product_name_price" finished-at="2024-05-07T11:24:00 IST" duration-ms="2" status="PASS">
          <reporter-output>
            <line>
              <![CDATA[method namevalidate_product_name_price]]>
            </line>
            <line>
              <![CDATA[method status1]]>
            </line>
          </reporter-output>
        </test-method> <!-- validate_product_name_price -->
        <test-method is-config="true" signature="teardown()[pri:0, instance:TS_010_SHOPPING_CART_FUNCTIONALITY.TC_SC_009_SHOPPINGCART_FUNCTIONALITY3@6ca18a14]" started-at="2024-05-07T11:24:00 IST" name="teardown" finished-at="2024-05-07T11:24:00 IST" duration-ms="1" status="PASS">
          <reporter-output>
          </reporter-output>
        </test-method> <!-- teardown -->
        <test-method is-config="true" signature="setup()[pri:0, instance:TS_010_SHOPPING_CART_FUNCTIONALITY.TC_SC_009_SHOPPINGCART_FUNCTIONALITY3@6ca18a14]" started-at="2024-05-07T11:24:00 IST" name="setup" finished-at="2024-05-07T11:24:10 IST" duration-ms="9873" status="PASS">
          <reporter-output>
          </reporter-output>
        </test-method> <!-- setup -->
        <test-method signature="success_message_to_shoppingCart()[pri:0, instance:TS_010_SHOPPING_CART_FUNCTIONALITY.TC_SC_009_SHOPPINGCART_FUNCTIONALITY3@6ca18a14]" started-at="2024-05-07T11:24:10 IST" name="success_message_to_shoppingCart" finished-at="2024-05-07T11:24:10 IST" duration-ms="2" status="PASS">
          <reporter-output>
            <line>
              <![CDATA[method namesuccess_message_to_shoppingCart]]>
            </line>
            <line>
              <![CDATA[method status1]]>
            </line>
          </reporter-output>
        </test-method> <!-- success_message_to_shoppingCart -->
        <test-method is-config="true" signature="teardown()[pri:0, instance:TS_010_SHOPPING_CART_FUNCTIONALITY.TC_SC_009_SHOPPINGCART_FUNCTIONALITY3@6ca18a14]" started-at="2024-05-07T11:24:10 IST" name="teardown" finished-at="2024-05-07T11:24:10 IST" duration-ms="0" status="PASS">
          <reporter-output>
          </reporter-output>
        </test-method> <!-- teardown -->
        <test-method is-config="true" signature="setup()[pri:0, instance:TS_010_SHOPPING_CART_FUNCTIONALITY.TC_SC_009_SHOPPINGCART_FUNCTIONALITY3@6ca18a14]" started-at="2024-05-07T11:24:10 IST" name="setup" finished-at="2024-05-07T11:24:14 IST" duration-ms="4470" status="PASS">
          <reporter-output>
          </reporter-output>
        </test-method> <!-- setup -->
        <test-method signature="Validate_shopping_cart_to_checkout()[pri:0, instance:TS_010_SHOPPING_CART_FUNCTIONALITY.TC_SC_009_SHOPPINGCART_FUNCTIONALITY3@6ca18a14]" started-at="2024-05-07T11:24:14 IST" name="Validate_shopping_cart_to_checkout" finished-at="2024-05-07T11:24:14 IST" duration-ms="3" status="PASS">
          <reporter-output>
            <line>
              <![CDATA[method nameValidate_shopping_cart_to_checkout]]>
            </line>
            <line>
              <![CDATA[method status1]]>
            </line>
          </reporter-output>
        </test-method> <!-- Validate_shopping_cart_to_checkout -->
        <test-method is-config="true" signature="teardown()[pri:0, instance:TS_010_SHOPPING_CART_FUNCTIONALITY.TC_SC_009_SHOPPINGCART_FUNCTIONALITY3@6ca18a14]" started-at="2024-05-07T11:24:14 IST" name="teardown" finished-at="2024-05-07T11:24:14 IST" duration-ms="1" status="PASS">
          <reporter-output>
          </reporter-output>
        </test-method> <!-- teardown -->
      </class> <!-- TS_010_SHOPPING_CART_FUNCTIONALITY.TC_SC_009_SHOPPINGCART_FUNCTIONALITY3 -->
      <class name="TS_010_SHOPPING_CART_FUNCTIONALITY.TC_SC_010_SHOPPINGCART_FUNCTIONALITY4">
        <test-method is-config="true" signature="setup()[pri:0, instance:TS_010_SHOPPING_CART_FUNCTIONALITY.TC_SC_010_SHOPPINGCART_FUNCTIONALITY4@68878f6d]" started-at="2024-05-07T11:23:21 IST" name="setup" finished-at="2024-05-07T11:23:25 IST" duration-ms="4517" status="PASS">
          <reporter-output>
          </reporter-output>
        </test-method> <!-- setup -->
        <test-method signature="logging_valid_credentials_TC_LF_001()[pri:0, instance:TS_010_SHOPPING_CART_FUNCTIONALITY.TC_SC_010_SHOPPINGCART_FUNCTIONALITY4@68878f6d]" started-at="2024-05-07T11:23:25 IST" name="logging_valid_credentials_TC_LF_001" finished-at="2024-05-07T11:23:28 IST" duration-ms="2460" status="PASS">
          <reporter-output>
            <line>
              <![CDATA[method namelogging_valid_credentials_TC_LF_001]]>
            </line>
            <line>
              <![CDATA[method status1]]>
            </line>
          </reporter-output>
        </test-method> <!-- logging_valid_credentials_TC_LF_001 -->
        <test-method is-config="true" signature="teardown()[pri:0, instance:TS_010_SHOPPING_CART_FUNCTIONALITY.TC_SC_010_SHOPPINGCART_FUNCTIONALITY4@68878f6d]" started-at="2024-05-07T11:23:28 IST" name="teardown" finished-at="2024-05-07T11:23:28 IST" duration-ms="9" status="PASS">
          <reporter-output>
          </reporter-output>
        </test-method> <!-- teardown -->
        <test-method is-config="true" signature="setup()[pri:0, instance:TS_010_SHOPPING_CART_FUNCTIONALITY.TC_SC_010_SHOPPINGCART_FUNCTIONALITY4@68878f6d]" started-at="2024-05-07T11:23:28 IST" name="setup" finished-at="2024-05-07T11:23:35 IST" duration-ms="7119" status="PASS">
          <reporter-output>
          </reporter-output>
        </test-method> <!-- setup -->
        <test-method signature="validate_product_name_price()[pri:0, instance:TS_010_SHOPPING_CART_FUNCTIONALITY.TC_SC_010_SHOPPINGCART_FUNCTIONALITY4@68878f6d]" started-at="2024-05-07T11:23:35 IST" name="validate_product_name_price" finished-at="2024-05-07T11:23:35 IST" duration-ms="2" status="PASS">
          <reporter-output>
            <line>
              <![CDATA[method namevalidate_product_name_price]]>
            </line>
            <line>
              <![CDATA[method status1]]>
            </line>
          </reporter-output>
        </test-method> <!-- validate_product_name_price -->
        <test-method is-config="true" signature="teardown()[pri:0, instance:TS_010_SHOPPING_CART_FUNCTIONALITY.TC_SC_010_SHOPPINGCART_FUNCTIONALITY4@68878f6d]" started-at="2024-05-07T11:23:35 IST" name="teardown" finished-at="2024-05-07T11:23:35 IST" duration-ms="0" status="PASS">
          <reporter-output>
          </reporter-output>
        </test-method> <!-- teardown -->
        <test-method is-config="true" signature="setup()[pri:0, instance:TS_010_SHOPPING_CART_FUNCTIONALITY.TC_SC_010_SHOPPINGCART_FUNCTIONALITY4@68878f6d]" started-at="2024-05-07T11:23:35 IST" name="setup" finished-at="2024-05-07T11:23:41 IST" duration-ms="6306" status="PASS">
          <reporter-output>
          </reporter-output>
        </test-method> <!-- setup -->
        <test-method signature="success_message_to_shoppingCart()[pri:0, instance:TS_010_SHOPPING_CART_FUNCTIONALITY.TC_SC_010_SHOPPINGCART_FUNCTIONALITY4@68878f6d]" started-at="2024-05-07T11:23:41 IST" name="success_message_to_shoppingCart" finished-at="2024-05-07T11:23:41 IST" duration-ms="5" status="PASS">
          <reporter-output>
            <line>
              <![CDATA[method namesuccess_message_to_shoppingCart]]>
            </line>
            <line>
              <![CDATA[method status1]]>
            </line>
          </reporter-output>
        </test-method> <!-- success_message_to_shoppingCart -->
        <test-method is-config="true" signature="teardown()[pri:0, instance:TS_010_SHOPPING_CART_FUNCTIONALITY.TC_SC_010_SHOPPINGCART_FUNCTIONALITY4@68878f6d]" started-at="2024-05-07T11:23:41 IST" name="teardown" finished-at="2024-05-07T11:23:41 IST" duration-ms="1" status="PASS">
          <reporter-output>
          </reporter-output>
        </test-method> <!-- teardown -->
        <test-method is-config="true" signature="setup()[pri:0, instance:TS_010_SHOPPING_CART_FUNCTIONALITY.TC_SC_010_SHOPPINGCART_FUNCTIONALITY4@68878f6d]" started-at="2024-05-07T11:23:41 IST" name="setup" finished-at="2024-05-07T11:23:49 IST" duration-ms="7567" status="PASS">
          <reporter-output>
          </reporter-output>
        </test-method> <!-- setup -->
        <test-method signature="Validate_continue_shopping_on_shoppingcart_page()[pri:0, instance:TS_010_SHOPPING_CART_FUNCTIONALITY.TC_SC_010_SHOPPINGCART_FUNCTIONALITY4@68878f6d]" started-at="2024-05-07T11:23:49 IST" name="Validate_continue_shopping_on_shoppingcart_page" finished-at="2024-05-07T11:23:49 IST" duration-ms="6" status="FAIL">
          <exception class="java.lang.AssertionError">
            <message>
              <![CDATA[expected [true] but found [false]]]>
            </message>
            <full-stacktrace>
              <![CDATA[java.lang.AssertionError: expected [true] but found [false]
at org.testng.Assert.fail(Assert.java:99)
at org.testng.Assert.failNotEquals(Assert.java:1037)
at org.testng.Assert.assertTrue(Assert.java:45)
at org.testng.Assert.assertTrue(Assert.java:55)
at TS_010_SHOPPING_CART_FUNCTIONALITY.TC_SC_010_SHOPPINGCART_FUNCTIONALITY4.Validate_continue_shopping_on_shoppingcart_page(TC_SC_010_SHOPPINGCART_FUNCTIONALITY4.java:21)
at java.base/jdk.internal.reflect.DirectMethodHandleAccessor.invoke(DirectMethodHandleAccessor.java:103)
at java.base/java.lang.reflect.Method.invoke(Method.java:580)
at org.testng.internal.MethodInvocationHelper.invokeMethod(MethodInvocationHelper.java:133)
at org.testng.internal.TestInvoker.invokeMethod(TestInvoker.java:598)
at org.testng.internal.TestInvoker.invokeTestMethod(TestInvoker.java:173)
at org.testng.internal.MethodRunner.runInSequence(MethodRunner.java:46)
at org.testng.internal.TestInvoker$MethodInvocationAgent.invoke(TestInvoker.java:824)
at org.testng.internal.TestInvoker.invokeTestMethods(TestInvoker.java:146)
at org.testng.internal.TestMethodWorker.invokeTestMethods(TestMethodWorker.java:146)
at org.testng.internal.TestMethodWorker.run(TestMethodWorker.java:128)
at java.base/java.util.ArrayList.forEach(ArrayList.java:1596)
at org.testng.TestRunner.privateRun(TestRunner.java:794)
at org.testng.TestRunner.run(TestRunner.java:596)
at org.testng.SuiteRunner.runTest(SuiteRunner.java:377)
at org.testng.SuiteRunner.runSequentially(SuiteRunner.java:371)
at org.testng.SuiteRunner.privateRun(SuiteRunner.java:332)
at org.testng.SuiteRunner.run(SuiteRunner.java:276)
at org.testng.SuiteRunnerWorker.runSuite(SuiteRunnerWorker.java:53)
at org.testng.SuiteRunnerWorker.run(SuiteRunnerWorker.java:96)
at org.testng.TestNG.runSuitesSequentially(TestNG.java:1212)
at org.testng.TestNG.runSuitesLocally(TestNG.java:1134)
at org.testng.TestNG.runSuites(TestNG.java:1063)
at org.testng.TestNG.run(TestNG.java:1031)
at org.testng.remote.AbstractRemoteTestNG.run(AbstractRemoteTestNG.java:115)
at org.testng.remote.RemoteTestNG.initAndRun(RemoteTestNG.java:251)
at org.testng.remote.RemoteTestNG.main(RemoteTestNG.java:77)
]]>
            </full-stacktrace>
          </exception> <!-- java.lang.AssertionError -->
          <reporter-output>
            <line>
              <![CDATA[method nameValidate_continue_shopping_on_shoppingcart_page]]>
            </line>
          </reporter-output>
        </test-method> <!-- Validate_continue_shopping_on_shoppingcart_page -->
        <test-method is-config="true" signature="teardown()[pri:0, instance:TS_010_SHOPPING_CART_FUNCTIONALITY.TC_SC_010_SHOPPINGCART_FUNCTIONALITY4@68878f6d]" started-at="2024-05-07T11:23:49 IST" name="teardown" finished-at="2024-05-07T11:23:49 IST" duration-ms="0" status="PASS">
          <reporter-output>
          </reporter-output>
        </test-method> <!-- teardown -->
      </class> <!-- TS_010_SHOPPING_CART_FUNCTIONALITY.TC_SC_010_SHOPPINGCART_FUNCTIONALITY4 -->
    </test> <!-- Test -->
  </suite> <!-- Suite -->
</testng-results>
